<?xml version="1.0" encoding="UTF-8"?>
<!-- Generated by org.testng.reporters.JUnitXMLReporter -->
<testsuite ignored="0" hostname="Suhas" failures="0" tests="17" name="Test" time="0.559" errors="0" timestamp="2022-09-21T14:27:17 IST">
  <testcase classname="testpack1.softassert" name="@BeforeTest openBrowser" time="-1.663750636719E9">
    <failure type="org.testng.TestNGException" message="
Parameter &amp;apos;browser&amp;apos; is required by BeforeTest on method openBrowser but has not been marked @Optional or defined
in C:\Users\Suhas Sonal\eclipse-workspace\Mavenproject\testng.xml">
      <![CDATA[org.testng.TestNGException: 
Parameter 'browser' is required by BeforeTest on method openBrowser but has not been marked @Optional or defined
in C:\Users\Suhas Sonal\eclipse-workspace\Mavenproject\testng.xml
... Removed 21 stack frames]]>
    </failure>
  </testcase> <!-- @BeforeTest openBrowser -->
  <testcase classname="testpack1.VerifyRoomPage" name="@BeforeClass openBrowser" time="-1.663750636839E9">
    <skipped/>
  </testcase> <!-- @BeforeClass openBrowser -->
  <testcase classname="testpack1.Hardassert" name="@BeforeClass openBrowser" time="-1.663750636839E9">
    <skipped/>
  </testcase> <!-- @BeforeClass openBrowser -->
  <testcase classname="testpack1.VerifyRoomPage" name="@BeforeMethod openRoomPage" time="-1.663750636878E9">
    <skipped/>
  </testcase> <!-- @BeforeMethod openRoomPage -->
  <testcase classname="testpack1.Hardassert" name="@BeforeMethod openRoomPage" time="-1.663750636878E9">
    <skipped/>
  </testcase> <!-- @BeforeMethod openRoomPage -->
  <testcase classname="testpack1.VerifyRoomPage" name="@AfterMethod logoutFromApplication" time="-1.663750636904E9">
    <skipped/>
  </testcase> <!-- @AfterMethod logoutFromApplication -->
  <testcase classname="testpack1.VerifyRoomPage" name="@BeforeMethod openRoomPage" time="-1.663750636914E9">
    <skipped/>
  </testcase> <!-- @BeforeMethod openRoomPage -->
  <testcase classname="testpack1.Hardassert" name="@AfterMethod logoutFromApplication" time="-1.663750636923E9">
    <skipped/>
  </testcase> <!-- @AfterMethod logoutFromApplication -->
  <testcase classname="testpack1.Hardassert" name="@BeforeMethod openRoomPage" time="-1.663750636935E9">
    <skipped/>
  </testcase> <!-- @BeforeMethod openRoomPage -->
  <testcase classname="testpack1.VerifyRoomPage" name="@AfterMethod logoutFromApplication" time="-1.663750636936E9">
    <skipped/>
  </testcase> <!-- @AfterMethod logoutFromApplication -->
  <testcase classname="testpack1.VerifyRoomPage" name="@AfterClass closeBrowser" time="-1.663750636942E9">
    <skipped/>
  </testcase> <!-- @AfterClass closeBrowser -->
  <testcase classname="testpack1.softassert" name="@BeforeClass createPOMobjects" time="-1.663750636947E9">
    <skipped/>
  </testcase> <!-- @BeforeClass createPOMobjects -->
  <testcase classname="testpack1.Hardassert" name="@AfterMethod logoutFromApplication" time="-1.663750636951E9">
    <skipped/>
  </testcase> <!-- @AfterMethod logoutFromApplication -->
  <testcase classname="testpack1.softassert" name="@BeforeMethod openRoomPage" time="-1.663750636955E9">
    <skipped/>
  </testcase> <!-- @BeforeMethod openRoomPage -->
  <testcase classname="testpack1.Hardassert" name="@AfterClass closeBrowser" time="-1.663750636976E9">
    <skipped/>
  </testcase> <!-- @AfterClass closeBrowser -->
  <testcase classname="testpack1.Test22" name="@BeforeClass beforeclass" time="-1.663750636982E9">
    <skipped/>
  </testcase> <!-- @BeforeClass beforeclass -->
  <testcase classname="testpack1.softassert" name="@AfterMethod logoutFromApplication" time="-1.663750636986E9">
    <skipped/>
  </testcase> <!-- @AfterMethod logoutFromApplication -->
  <testcase classname="testpack1.softassert" name="@BeforeMethod openRoomPage" time="-1.663750636995E9">
    <skipped/>
  </testcase> <!-- @BeforeMethod openRoomPage -->
  <testcase classname="testpack1.Test22" name="@BeforeMethod beforemethod" time="-1.663750637E9">
    <skipped/>
  </testcase> <!-- @BeforeMethod beforemethod -->
  <testcase classname="testpack1.softassert" name="@AfterMethod logoutFromApplication" time="-1.663750637017E9">
    <skipped/>
  </testcase> <!-- @AfterMethod logoutFromApplication -->
  <testcase classname="testpack1.softassert" name="@AfterClass clearobjects" time="-1.66375063702E9">
    <skipped/>
  </testcase> <!-- @AfterClass clearobjects -->
  <testcase classname="testpack1.Test22" name="@AfterMethod Aftermethod" time="-1.663750637025E9">
    <skipped/>
  </testcase> <!-- @AfterMethod Aftermethod -->
  <testcase classname="testpack1.Test21" name="@BeforeClass beforeclass" time="-1.663750637028E9">
    <skipped/>
  </testcase> <!-- @BeforeClass beforeclass -->
  <testcase classname="testpack1.Test21" name="@BeforeMethod beforemethod" time="-1.663750637037E9">
    <skipped/>
  </testcase> <!-- @BeforeMethod beforemethod -->
  <testcase classname="testpack1.Test22" name="@BeforeMethod beforemethod" time="-1.663750637043E9">
    <skipped/>
  </testcase> <!-- @BeforeMethod beforemethod -->
  <testcase classname="testpack1.Test21" name="@AfterMethod Aftermethod" time="-1.66375063706E9">
    <skipped/>
  </testcase> <!-- @AfterMethod Aftermethod -->
  <testcase classname="testpack1.Test22" name="@AfterMethod Aftermethod" time="-1.663750637069E9">
    <skipped/>
  </testcase> <!-- @AfterMethod Aftermethod -->
  <testcase classname="testpack1.Test21" name="@BeforeMethod beforemethod" time="-1.663750637066E9">
    <skipped/>
  </testcase> <!-- @BeforeMethod beforemethod -->
  <testcase classname="testpack1.Test22" name="@BeforeMethod beforemethod" time="-1.663750637078E9">
    <skipped/>
  </testcase> <!-- @BeforeMethod beforemethod -->
  <testcase classname="testpack1.Test22" name="@AfterMethod Aftermethod" time="-1.663750637094E9">
    <skipped/>
  </testcase> <!-- @AfterMethod Aftermethod -->
  <testcase classname="testpack1.Test22" name="@BeforeMethod beforemethod" time="-1.663750637098E9">
    <skipped/>
  </testcase> <!-- @BeforeMethod beforemethod -->
  <testcase classname="testpack1.Test21" name="@AfterMethod Aftermethod" time="-1.663750637103E9">
    <skipped/>
  </testcase> <!-- @AfterMethod Aftermethod -->
  <testcase classname="testpack1.Test21" name="@BeforeMethod beforemethod" time="-1.663750637114E9">
    <skipped/>
  </testcase> <!-- @BeforeMethod beforemethod -->
  <testcase classname="testpack1.Test22" name="@AfterMethod Aftermethod" time="-1.663750637117E9">
    <skipped/>
  </testcase> <!-- @AfterMethod Aftermethod -->
  <testcase classname="testpack1.Test22" name="@AfterClass Afterclass" time="-1.663750637121E9">
    <skipped/>
  </testcase> <!-- @AfterClass Afterclass -->
  <testcase classname="testpack1.Testkeyword" name="@BeforeClass beforeclass" time="-1.663750637126E9">
    <skipped/>
  </testcase> <!-- @BeforeClass beforeclass -->
  <testcase classname="testpack1.Test21" name="@AfterMethod Aftermethod" time="-1.663750637128E9">
    <skipped/>
  </testcase> <!-- @AfterMethod Aftermethod -->
  <testcase classname="testpack1.Testkeyword" name="@BeforeMethod beforemethod" time="-1.663750637133E9">
    <skipped/>
  </testcase> <!-- @BeforeMethod beforemethod -->
  <testcase classname="testpack1.Test21" name="@BeforeMethod beforemethod" time="-1.663750637171E9">
    <skipped/>
  </testcase> <!-- @BeforeMethod beforemethod -->
  <testcase classname="testpack1.Test21" name="@AfterMethod Aftermethod" time="-1.663750637183E9">
    <skipped/>
  </testcase> <!-- @AfterMethod Aftermethod -->
  <testcase classname="testpack1.Test21" name="@AfterClass Afterclass" time="-1.663750637201E9">
    <skipped/>
  </testcase> <!-- @AfterClass Afterclass -->
  <testcase classname="testpack1.Testkeyword" name="@AfterMethod Aftermethod" time="-1.663750637203E9">
    <skipped/>
  </testcase> <!-- @AfterMethod Aftermethod -->
  <testcase classname="testpack1.Testkeyword" name="@BeforeMethod beforemethod" time="-1.66375063721E9">
    <skipped/>
  </testcase> <!-- @BeforeMethod beforemethod -->
  <testcase classname="testpack1.Testkeyword" name="@AfterMethod Aftermethod" time="-1.663750637227E9">
    <skipped/>
  </testcase> <!-- @AfterMethod Aftermethod -->
  <testcase classname="testpack1.Testkeyword" name="@AfterClass Afterclass" time="-1.66375063725E9">
    <skipped/>
  </testcase> <!-- @AfterClass Afterclass -->
  <testcase classname="testpack1.softassert" name="@AfterTest closeBrowser" time="-1.66375063726E9">
    <skipped/>
  </testcase> <!-- @AfterTest closeBrowser -->
  <testcase classname="testpack1.VerifyRoomPage" name="goBackToMessenger" time="0.0">
    <skipped/>
  </testcase> <!-- goBackToMessenger -->
  <testcase classname="testpack1.Hardassert" name="goBackToMessenger" time="0.0">
    <skipped/>
  </testcase> <!-- goBackToMessenger -->
  <testcase classname="testpack1.VerifyRoomPage" name="verifyContactToHelpCenter" time="0.0">
    <skipped/>
  </testcase> <!-- verifyContactToHelpCenter -->
  <testcase classname="testpack1.Hardassert" name="verifyContactToHelpCenter" time="0.0">
    <skipped/>
  </testcase> <!-- verifyContactToHelpCenter -->
  <testcase classname="testpack1.softassert" name="goBackToMessenger" time="0.0">
    <skipped/>
  </testcase> <!-- goBackToMessenger -->
  <testcase classname="testpack1.softassert" name="verifyContactToHelpCenter" time="0.0">
    <skipped/>
  </testcase> <!-- verifyContactToHelpCenter -->
  <testcase classname="testpack1.Test22" name="test1" time="0.0">
    <skipped/>
  </testcase> <!-- test1 -->
  <testcase classname="testpack1.Test21" name="testA" time="0.0">
    <skipped/>
  </testcase> <!-- testA -->
  <testcase classname="testpack1.Test22" name="test2" time="0.0">
    <skipped/>
  </testcase> <!-- test2 -->
  <testcase classname="testpack1.Test22" name="test3" time="0.0">
    <skipped/>
  </testcase> <!-- test3 -->
  <testcase classname="testpack1.Test21" name="testB" time="0.0">
    <skipped/>
  </testcase> <!-- testB -->
  <testcase classname="testpack1.Test22" name="test4" time="0.0">
    <skipped/>
  </testcase> <!-- test4 -->
  <testcase classname="testpack1.Test21" name="testD" time="0.0">
    <skipped/>
  </testcase> <!-- testD -->
  <testcase classname="testpack1.Testkeyword" name="testD" time="0.0">
    <skipped/>
  </testcase> <!-- testD -->
  <testcase classname="testpack1.Test21" name="testC" time="0.0">
    <skipped/>
  </testcase> <!-- testC -->
  <testcase classname="testpack1.Testkeyword" name="testC" time="0.0">
    <skipped/>
  </testcase> <!-- testC -->
  <testcase classname="testpack1.Testkeyword" name="testB" time="0.0">
    <skipped/>
  </testcase> <!-- testB -->
</testsuite> <!-- Test -->
